Arguments: 
  C:\Program Files\nodejs\node.exe C:\Users\lee\scoop\apps\yarn\current\Yarn\bin\yarn.js add -D webpack-cli

PATH: 
  C:\Program Files\nodejs\node_modules\npm\node_modules\npm-lifecycle\node-gyp-bin;C:\Other\Course\WEBFrontEnd\Webpack\node_modules\.bin;C:\Other\Software\Cmder\bin;C:\Other\Software\Cmder\vendor\bin;C:\Other\Software\Cmder\vendor\conemu-maximus5\ConEmu\Scripts;C:\Other\Software\Cmder\vendor\conemu-maximus5;C:\Other\Software\Cmder\vendor\conemu-maximus5\ConEmu;C:\Program Files (x86)\Common Files\Oracle\Java\javapath;C:\WINDOWS\system32;C:\WINDOWS;C:\WINDOWS\System32\Wbem;C:\WINDOWS\System32\WindowsPowerShell\v1.0\;C:\Other\Software\TortoiseSVN\bin;C:\WINDOWS\System32\OpenSSH\;C:\Other\Software\TortoiseGit\bin;C:\Other\Software\Tomcat-7.0.99\bin;C:\Other\Software\Tomcat-7.0.99\lib;C:\Program Files\Java\jdk1.8.0_211\bin;C:\Program Files\Java\jdk1.8.0_211\jre\bin;C:\Other\Software\apache-maven-3.6.3\bin;C:\Program Files\MySQL\MySQL Server 5.5\bin;C:\ProgramData\chocolatey\bin;C:\Program Files\nodejs\;C:\Program Files\Git\cmd;C:\Users\lee\scoop\apps\yarn\current\Yarn\bin;C:\Users\lee\scoop\apps\yarn\current\global\node_modules\.bin;C:\Users\lee\scoop\shims;C:\Users\lee\AppData\Local\Microsoft\WindowsApps;C:\Other\Software\Microsoft VS Code\bin;C:\Users\lee\AppData\Roaming\npm;C:\Users\lee\AppData\Local\GitHubDesktop\bin;C:\Program Files\Git\cmd;C:\Program Files\Git\mingw64\bin;C:\Program Files\Git\usr\bin;C:\Other\Software\Cmder

Yarn version: 
  1.21.1

Node version: 
  12.14.0

Platform: 
  win32 x64

Trace: 
  Error: ENOENT: no such file or directory, copyfile 'C:\Users\lee\scoop\apps\yarn\current\cache\v6\npm-inherits-2.0.1-b17d08d326b4423e568eff719f91b0b1cbdf69f1-integrity\node_modules\inherits\inherits_browser.js' -> 'C:\Other\Course\WEBFrontEnd\Webpack\node_modules\assert\node_modules\inherits\inherits_browser.js'

npm manifest: 
  {
    "name": "Webpack",
    "version": "1.0.0",
    "description": "",
    "main": "index.js",
    "scripts": {
      "buildDev": "webpack --mode development",
      "buildPro": "webpack --mode production"
    },
    "keywords": [],
    "author": "",
    "license": "ISC",
    "devDependencies": {
      "html-webpack-plugin": "^3.2.0",
      "jquery": "^3.4.1",
      "webpack": "^4.41.6"
    },
    "dependencies": {
      "jquery": "^3.4.1"
    }
  }

yarn manifest: 
  No manifest

Lockfile: 
  # THIS IS AN AUTOGENERATED FILE. DO NOT EDIT THIS FILE DIRECTLY.
  # yarn lockfile v1
